<?xml version="1.0" encoding="UTF-8"?>
<testsuite xmlns:xsi="http://www.w3.org/2001/XMLSchema-instance" xsi:noNamespaceSchemaLocation="https://maven.apache.org/surefire/maven-surefire-plugin/xsd/surefire-test-report-3.0.xsd" version="3.0" name="com.umariana.torneouniversitariofutbolsalon.test.TorneoTest" time="7.434" tests="22" errors="0" skipped="0" failures="0">
  <properties>
[...]
</properties>
  <testcase name="testEliminarEquipoConJugadores" classname="com.umariana.torneouniversitariofutbolsalon.test.TorneoTest" time="2.286">
    <system-out><![CDATA[==== Iniciando pruebas de Torneo ====
Base de datos limpiada correctamente y torneo reiniciado
Conexion establecida correctamente

--- Nuevo test iniciado ---
--- Test finalizado ---

]]></system-out>
  </testcase>
  <testcase name="testIniciarTorneoYaIniciado" classname="com.umariana.torneouniversitariofutbolsalon.test.TorneoTest" time="1.101">
    <system-out><![CDATA[Base de datos limpiada correctamente y torneo reiniciado
Conexion establecida correctamente

--- Nuevo test iniciado ---
--- Test finalizado ---

]]></system-out>
  </testcase>
  <testcase name="testJugadorDuplicadoEnOtroEquipo" classname="com.umariana.torneouniversitariofutbolsalon.test.TorneoTest" time="0.063">
    <system-out><![CDATA[Base de datos limpiada correctamente y torneo reiniciado
Conexion establecida correctamente

--- Nuevo test iniciado ---
--- Test finalizado ---

]]></system-out>
  </testcase>
  <testcase name="testEliminarJugadorInexistente" classname="com.umariana.torneouniversitariofutbolsalon.test.TorneoTest" time="0.044">
    <system-out><![CDATA[Base de datos limpiada correctamente y torneo reiniciado
Conexion establecida correctamente

--- Nuevo test iniciado ---
--- Test finalizado ---

]]></system-out>
  </testcase>
  <testcase name="testRegistrarJugador" classname="com.umariana.torneouniversitariofutbolsalon.test.TorneoTest" time="0.052">
    <system-out><![CDATA[Base de datos limpiada correctamente y torneo reiniciado
Conexion establecida correctamente

--- Nuevo test iniciado ---
--- Test finalizado ---

]]></system-out>
  </testcase>
  <testcase name="testListarPartidos" classname="com.umariana.torneouniversitariofutbolsalon.test.TorneoTest" time="0.614">
    <system-out><![CDATA[Base de datos limpiada correctamente y torneo reiniciado
Conexion establecida correctamente

--- Nuevo test iniciado ---
=== Iniciando testListarPartidos ===
Equipos registrados correctamente
Intento de iniciar torneo: true
Cantidad de partidos listados: 1
Partido: ID: 46 - Leones FC vs Tigres FC (sin fecha)
Partido local: Leones FC, visitante: Tigres FC, fecha: null
Estado del torneo reiniciado: true
=== testListarPartidos finalizado ===
--- Test finalizado ---

]]></system-out>
  </testcase>
  <testcase name="testListarJugadoresPorEquipo" classname="com.umariana.torneouniversitariofutbolsalon.test.TorneoTest" time="0.059">
    <system-out><![CDATA[Base de datos limpiada correctamente y torneo reiniciado
Conexion establecida correctamente

--- Nuevo test iniciado ---
--- Test finalizado ---

]]></system-out>
  </testcase>
  <testcase name="testEliminarFechaPartido" classname="com.umariana.torneouniversitariofutbolsalon.test.TorneoTest" time="0.527">
    <system-out><![CDATA[Base de datos limpiada correctamente y torneo reiniciado
Conexion establecida correctamente

--- Nuevo test iniciado ---
--- Test finalizado ---

]]></system-out>
  </testcase>
  <testcase name="testRegistrarJugadorEquipoInexistente" classname="com.umariana.torneouniversitariofutbolsalon.test.TorneoTest" time="0.027">
    <system-out><![CDATA[Base de datos limpiada correctamente y torneo reiniciado
Conexion establecida correctamente

--- Nuevo test iniciado ---
--- Test finalizado ---

]]></system-out>
  </testcase>
  <testcase name="testEditarJugador" classname="com.umariana.torneouniversitariofutbolsalon.test.TorneoTest" time="0.054">
    <system-out><![CDATA[Base de datos limpiada correctamente y torneo reiniciado
Conexion establecida correctamente

--- Nuevo test iniciado ---
--- Test finalizado ---

]]></system-out>
  </testcase>
  <testcase name="testListarEquiposVacio" classname="com.umariana.torneouniversitariofutbolsalon.test.TorneoTest" time="0.03">
    <system-out><![CDATA[Base de datos limpiada correctamente y torneo reiniciado
Conexion establecida correctamente

--- Nuevo test iniciado ---
--- Test finalizado ---

]]></system-out>
  </testcase>
  <testcase name="testEliminarEquipoInexistente" classname="com.umariana.torneouniversitariofutbolsalon.test.TorneoTest" time="0.314">
    <system-out><![CDATA[Base de datos limpiada correctamente y torneo reiniciado
Conexion establecida correctamente

--- Nuevo test iniciado ---
--- Test finalizado ---

]]></system-out>
  </testcase>
  <testcase name="testListarJugadoresEquipoVacio" classname="com.umariana.torneouniversitariofutbolsalon.test.TorneoTest" time="0.035">
    <system-out><![CDATA[Base de datos limpiada correctamente y torneo reiniciado
Conexion establecida correctamente

--- Nuevo test iniciado ---
--- Test finalizado ---

]]></system-out>
  </testcase>
  <testcase name="testIniciarTorneoEvitaDuplicados" classname="com.umariana.torneouniversitariofutbolsalon.test.TorneoTest" time="0.524">
    <system-out><![CDATA[Base de datos limpiada correctamente y torneo reiniciado
Conexion establecida correctamente

--- Nuevo test iniciado ---
--- Test finalizado ---

]]></system-out>
  </testcase>
  <testcase name="testIniciarTorneoConEquiposImpares" classname="com.umariana.torneouniversitariofutbolsalon.test.TorneoTest" time="0.466">
    <system-out><![CDATA[Base de datos limpiada correctamente y torneo reiniciado
Conexion establecida correctamente

--- Nuevo test iniciado ---
--- Test finalizado ---

]]></system-out>
  </testcase>
  <testcase name="testEquipoDuplicado" classname="com.umariana.torneouniversitariofutbolsalon.test.TorneoTest" time="0.036">
    <system-out><![CDATA[Base de datos limpiada correctamente y torneo reiniciado
Conexion establecida correctamente

--- Nuevo test iniciado ---
--- Test finalizado ---

]]></system-out>
  </testcase>
  <testcase name="testIniciarTorneoConEquiposPares" classname="com.umariana.torneouniversitariofutbolsalon.test.TorneoTest" time="0.507">
    <system-out><![CDATA[Base de datos limpiada correctamente y torneo reiniciado
Conexion establecida correctamente

--- Nuevo test iniciado ---
--- Test finalizado ---

]]></system-out>
  </testcase>
  <testcase name="testAsignarFechaPartido" classname="com.umariana.torneouniversitariofutbolsalon.test.TorneoTest" time="0.496">
    <system-out><![CDATA[Base de datos limpiada correctamente y torneo reiniciado
Conexion establecida correctamente

--- Nuevo test iniciado ---
--- Test finalizado ---

]]></system-out>
  </testcase>
  <testcase name="testRegistrarEquipo" classname="com.umariana.torneouniversitariofutbolsalon.test.TorneoTest" time="0.038">
    <system-out><![CDATA[Base de datos limpiada correctamente y torneo reiniciado
Conexion establecida correctamente

--- Nuevo test iniciado ---
[CP001] Registrar equipo nuevo
--- Test finalizado ---

]]></system-out>
  </testcase>
  <testcase name="testEditarJugadorInexistente" classname="com.umariana.torneouniversitariofutbolsalon.test.TorneoTest" time="0.035">
    <system-out><![CDATA[Base de datos limpiada correctamente y torneo reiniciado
Conexion establecida correctamente

--- Nuevo test iniciado ---
--- Test finalizado ---

]]></system-out>
  </testcase>
  <testcase name="testListarEquipos" classname="com.umariana.torneouniversitariofutbolsalon.test.TorneoTest" time="0.044">
    <system-out><![CDATA[Base de datos limpiada correctamente y torneo reiniciado
Conexion establecida correctamente

--- Nuevo test iniciado ---
--- Test finalizado ---

]]></system-out>
  </testcase>
  <testcase name="testEliminarJugador" classname="com.umariana.torneouniversitariofutbolsalon.test.TorneoTest" time="0.051">
    <system-out><![CDATA[Base de datos limpiada correctamente y torneo reiniciado
Conexion establecida correctamente

--- Nuevo test iniciado ---
--- Test finalizado ---

]]></system-out>
  </testcase>
</testsuite>