<?xml version="1.0" encoding="UTF-8"?>
<testsuite xmlns:xsi="http://www.w3.org/2001/XMLSchema-instance" xsi:noNamespaceSchemaLocation="https://maven.apache.org/surefire/maven-surefire-plugin/xsd/surefire-test-report-3.0.xsd" version="3.0" name="com.umariana.torneouniversitariofutbolsalon.test.TorneoTest" time="0.136" tests="13" errors="0" skipped="0" failures="0">
  <properties>
[...]
</properties>
  <testcase name="testJugadorDuplicado" classname="com.umariana.torneouniversitariofutbolsalon.test.TorneoTest" time="0.036">
    <system-out><![CDATA[==== Iniciando pruebas de Torneo ====

--- Nuevo test iniciado ---
✅ CP005 se realizo correctamente
--- Test finalizado ---

]]></system-out>
  </testcase>
  <testcase name="testRegistrarJugador" classname="com.umariana.torneouniversitariofutbolsalon.test.TorneoTest" time="0.004">
    <system-out><![CDATA[
--- Nuevo test iniciado ---
✅ CP003 se realizo correctamente
--- Test finalizado ---

]]></system-out>
  </testcase>
  <testcase name="testJugadorEquipoNull" classname="com.umariana.torneouniversitariofutbolsalon.test.TorneoTest" time="0.002">
    <system-out><![CDATA[
--- Nuevo test iniciado ---
✅ CP004 se realizo correctamente
--- Test finalizado ---

]]></system-out>
  </testcase>
  <testcase name="testEditarJugador" classname="com.umariana.torneouniversitariofutbolsalon.test.TorneoTest" time="0.003">
    <system-out><![CDATA[
--- Nuevo test iniciado ---
✅ CP012 se realizo correctamente
--- Test finalizado ---

]]></system-out>
  </testcase>
  <testcase name="testListarEquiposVacio" classname="com.umariana.torneouniversitariofutbolsalon.test.TorneoTest" time="0.001">
    <system-out><![CDATA[
--- Nuevo test iniciado ---
✅ CP007 se realizo correctamente
--- Test finalizado ---

]]></system-out>
  </testcase>
  <testcase name="testEquipoDuplicado" classname="com.umariana.torneouniversitariofutbolsalon.test.TorneoTest" time="0.002">
    <system-out><![CDATA[
--- Nuevo test iniciado ---
✅ CP002 se realizo correctamente
--- Test finalizado ---

]]></system-out>
  </testcase>
  <testcase name="testActualizarListado" classname="com.umariana.torneouniversitariofutbolsalon.test.TorneoTest" time="0.016">
    <system-out><![CDATA[
--- Nuevo test iniciado ---
✅ CP008 se realizo correctamente
--- Test finalizado ---

]]></system-out>
  </testcase>
  <testcase name="testRegistrarEquipo" classname="com.umariana.torneouniversitariofutbolsalon.test.TorneoTest" time="0.002">
    <system-out><![CDATA[
--- Nuevo test iniciado ---
[CP001] Intentando registrar equipo: Tigres FC
✅ CP001 se realizo correctamente
--- Test finalizado ---

]]></system-out>
  </testcase>
  <testcase name="testListarJugadoresEquipo" classname="com.umariana.torneouniversitariofutbolsalon.test.TorneoTest" time="0.002">
    <system-out><![CDATA[
--- Nuevo test iniciado ---
✅ CP009 se realizo correctamente
--- Test finalizado ---

]]></system-out>
  </testcase>
  <testcase name="testEditarJugadorInexistente" classname="com.umariana.torneouniversitariofutbolsalon.test.TorneoTest" time="0.002">
    <system-out><![CDATA[
--- Nuevo test iniciado ---
✅ CP013 se realizo correctamente
--- Test finalizado ---

]]></system-out>
  </testcase>
  <testcase name="testListarEquipos" classname="com.umariana.torneouniversitariofutbolsalon.test.TorneoTest" time="0.003">
    <system-out><![CDATA[
--- Nuevo test iniciado ---
✅ CP006 se realizo correctamente
--- Test finalizado ---

]]></system-out>
  </testcase>
  <testcase name="testEliminarJugador" classname="com.umariana.torneouniversitariofutbolsalon.test.TorneoTest" time="0.003">
    <system-out><![CDATA[
--- Nuevo test iniciado ---
✅ CP011 se realizo correctamente
--- Test finalizado ---

]]></system-out>
  </testcase>
  <testcase name="testListarJugadoresVacio" classname="com.umariana.torneouniversitariofutbolsalon.test.TorneoTest" time="0.003">
    <system-out><![CDATA[
--- Nuevo test iniciado ---
✅ CP010 se realizo correctamente
--- Test finalizado ---

]]></system-out>
  </testcase>
</testsuite>